<?xml version="1.0" encoding="UTF-8" ?>
<testsuite failures="0" time="2.136" errors="0" skipped="0" tests="13" name="org.springframework.samples.petclinic.jpa.OpenJpaEntityManagerClinicTests">
  <properties>
[...]
</properties>
  <testcase time="1.886" classname="org.springframework.samples.petclinic.jpa.OpenJpaEntityManagerClinicTests" name="testUsageLogAspectIsInvoked"/>
  <testcase time="0.007" classname="org.springframework.samples.petclinic.jpa.OpenJpaEntityManagerClinicTests" name="testBogusJpql"/>
  <testcase time="0.004" classname="org.springframework.samples.petclinic.jpa.OpenJpaEntityManagerClinicTests" name="testApplicationManaged"/>
  <testcase time="0.067" classname="org.springframework.samples.petclinic.jpa.OpenJpaEntityManagerClinicTests" name="testGetVets"/>
  <testcase time="0.007" classname="org.springframework.samples.petclinic.jpa.OpenJpaEntityManagerClinicTests" name="testGetPetTypes"/>
  <testcase time="0.016" classname="org.springframework.samples.petclinic.jpa.OpenJpaEntityManagerClinicTests" name="testFindOwners"/>
  <testcase time="0.012" classname="org.springframework.samples.petclinic.jpa.OpenJpaEntityManagerClinicTests" name="testLoadOwner"/>
  <testcase time="0.031" classname="org.springframework.samples.petclinic.jpa.OpenJpaEntityManagerClinicTests" name="testInsertOwner"/>
  <testcase time="0.008" classname="org.springframework.samples.petclinic.jpa.OpenJpaEntityManagerClinicTests" name="testUpdateOwner"/>
  <testcase time="0.026" classname="org.springframework.samples.petclinic.jpa.OpenJpaEntityManagerClinicTests" name="testLoadPet"/>
  <testcase time="0.03" classname="org.springframework.samples.petclinic.jpa.OpenJpaEntityManagerClinicTests" name="testInsertPet"/>
  <testcase time="0.019" classname="org.springframework.samples.petclinic.jpa.OpenJpaEntityManagerClinicTests" name="testUpdatePet"/>
  <testcase time="0.022" classname="org.springframework.samples.petclinic.jpa.OpenJpaEntityManagerClinicTests" name="testInsertVisit"/>
</testsuite>